<?xml version="1.0" encoding="UTF-8"?>
<testsuite xmlns:xsi="http://www.w3.org/2001/XMLSchema-instance" xsi:noNamespaceSchemaLocation="https://maven.apache.org/surefire/maven-surefire-plugin/xsd/surefire-test-report.xsd" name="FractionTest" time="0.045" tests="52" errors="0" skipped="0" failures="0">
  <properties>
[...]
</properties>
  <testcase name="reduceNegativeNegative" classname="FractionTest" time="0"/>
  <testcase name="setZeroDenominator" classname="FractionTest" time="0"/>
  <testcase name="gcdNegativePositive" classname="FractionTest" time="0"/>
  <testcase name="invertPositive" classname="FractionTest" time="0"/>
  <testcase name="gcdNegativeNegative" classname="FractionTest" time="0"/>
  <testcase name="invertNegative" classname="FractionTest" time="0"/>
  <testcase name="setReduceDenominator" classname="FractionTest" time="0"/>
  <testcase name="getDoubleAndCheckRounding" classname="FractionTest" time="0"/>
  <testcase name="toStringRationalFraction" classname="FractionTest" time="0.001"/>
  <testcase name="subPositiveInteger" classname="FractionTest" time="0"/>
  <testcase name="reduceZeroPositive" classname="FractionTest" time="0"/>
  <testcase name="subNegativeInteger" classname="FractionTest" time="0"/>
  <testcase name="reduceZeroNegative" classname="FractionTest" time="0"/>
  <testcase name="toStringWholeFraction" classname="FractionTest" time="0"/>
  <testcase name="setReduceNumerator" classname="FractionTest" time="0"/>
  <testcase name="setNegativeDenominator" classname="FractionTest" time="0"/>
  <testcase name="reducedNegativePositive" classname="FractionTest" time="0"/>
  <testcase name="setNumerator" classname="FractionTest" time="0"/>
  <testcase name="reducePositivePositive" classname="FractionTest" time="0"/>
  <testcase name="reducedNegativeNegative" classname="FractionTest" time="0"/>
  <testcase name="reducePositiveNegative" classname="FractionTest" time="0"/>
  <testcase name="subNegativeFraction" classname="FractionTest" time="0"/>
  <testcase name="divZeroFraction" classname="FractionTest" time="0"/>
  <testcase name="divNegativeFraction" classname="FractionTest" time="0"/>
  <testcase name="gcdPositivePositive" classname="FractionTest" time="0"/>
  <testcase name="mulPositiveInteger" classname="FractionTest" time="0"/>
  <testcase name="compareNotEqualsFractions" classname="FractionTest" time="0"/>
  <testcase name="gcdPositiveNegative" classname="FractionTest" time="0"/>
  <testcase name="mulNegativeInteger" classname="FractionTest" time="0"/>
  <testcase name="addNegativeFraction" classname="FractionTest" time="0"/>
  <testcase name="setDenominator" classname="FractionTest" time="0"/>
  <testcase name="divPositiveInteger" classname="FractionTest" time="0.008"/>
  <testcase name="compareOtherObj" classname="FractionTest" time="0"/>
  <testcase name="divNegativeInteger" classname="FractionTest" time="0"/>
  <testcase name="reducedPositivePositive" classname="FractionTest" time="0"/>
  <testcase name="reducedPositiveNegative" classname="FractionTest" time="0"/>
  <testcase name="subPositiveFraction" classname="FractionTest" time="0.001"/>
  <testcase name="mulNegativeFraction" classname="FractionTest" time="0.001"/>
  <testcase name="divPositiveFraction" classname="FractionTest" time="0"/>
  <testcase name="negPositive" classname="FractionTest" time="0"/>
  <testcase name="divZeroInteger" classname="FractionTest" time="0.001"/>
  <testcase name="negNegative" classname="FractionTest" time="0.001"/>
  <testcase name="addPositiveFraction" classname="FractionTest" time="0.001"/>
  <testcase name="addPositiveInteger" classname="FractionTest" time="0.005"/>
  <testcase name="addNegativeInteger" classname="FractionTest" time="0.001"/>
  <testcase name="gcdZeroPositive" classname="FractionTest" time="0.001"/>
  <testcase name="compareEqualsFractions" classname="FractionTest" time="0.001"/>
  <testcase name="gcdZeroNegative" classname="FractionTest" time="0.002"/>
  <testcase name="invertZero" classname="FractionTest" time="0.001"/>
  <testcase name="mulPositiveFraction" classname="FractionTest" time="0"/>
  <testcase name="reduceNegativePositive" classname="FractionTest" time="0.001"/>
  <testcase name="gcdZeroZero" classname="FractionTest" time="0.001"/>
</testsuite>