<?xml version="1.0" encoding="UTF-8"?>
<testsuite xmlns:xsi="http://www.w3.org/2001/XMLSchema-instance" xsi:noNamespaceSchemaLocation="https://maven.apache.org/surefire/maven-surefire-plugin/xsd/surefire-test-report.xsd" name="MixedFractionTest" time="0.151" tests="54" errors="0" skipped="0" failures="0">
  <properties>
[...]
</properties>
  <testcase name="reducedPositiveFraction" classname="MixedFractionTest" time="0.037"/>
  <testcase name="addIntegerToPositive" classname="MixedFractionTest" time="0"/>
  <testcase name="reducePositiveFractionWithNegativeWhole" classname="MixedFractionTest" time="0.001"/>
  <testcase name="addFractionToPositive" classname="MixedFractionTest" time="0.001"/>
  <testcase name="addIntegerToNegative" classname="MixedFractionTest" time="0.001"/>
  <testcase name="setReduceDenominator" classname="MixedFractionTest" time="0"/>
  <testcase name="addFractionToNegative" classname="MixedFractionTest" time="0.001"/>
  <testcase name="divMixedFraction" classname="MixedFractionTest" time="0.001"/>
  <testcase name="compareEqualsMixedFractions" classname="MixedFractionTest" time="0.002"/>
  <testcase name="divFractionToPositive" classname="MixedFractionTest" time="0.001"/>
  <testcase name="toStringWholeFraction" classname="MixedFractionTest" time="0.015"/>
  <testcase name="setReduceNumerator" classname="MixedFractionTest" time="0.001"/>
  <testcase name="setNumerator" classname="MixedFractionTest" time="0"/>
  <testcase name="divFractionToNegative" classname="MixedFractionTest" time="0"/>
  <testcase name="resetToZero" classname="MixedFractionTest" time="0.001"/>
  <testcase name="divZeroFraction" classname="MixedFractionTest" time="0.004"/>
  <testcase name="compareNotEqualsFractions" classname="MixedFractionTest" time="0.001"/>
  <testcase name="reduceNegativeFraction" classname="MixedFractionTest" time="0"/>
  <testcase name="reducedNegativeFractionWithPositiveWhole" classname="MixedFractionTest" time="0.001"/>
  <testcase name="setDenominator" classname="MixedFractionTest" time="0"/>
  <testcase name="subIntegerToPositive" classname="MixedFractionTest" time="0.001"/>
  <testcase name="mulFractionToPositive" classname="MixedFractionTest" time="0.001"/>
  <testcase name="mulMixedFraction" classname="MixedFractionTest" time="0.001"/>
  <testcase name="subIntegerToNegative" classname="MixedFractionTest" time="0.001"/>
  <testcase name="mulFractionToNegative" classname="MixedFractionTest" time="0.001"/>
  <testcase name="compareOtherObj" classname="MixedFractionTest" time="0.001"/>
  <testcase name="reduceNegativeFractionWithPositiveWhole" classname="MixedFractionTest" time="0"/>
  <testcase name="getFraction" classname="MixedFractionTest" time="0.001"/>
  <testcase name="divIntegerToPositive" classname="MixedFractionTest" time="0"/>
  <testcase name="divIntegerToNegative" classname="MixedFractionTest" time="0.001"/>
  <testcase name="reducedNegativeFractionWithNegativeWhole" classname="MixedFractionTest" time="0.001"/>
  <testcase name="negPositive" classname="MixedFractionTest" time="0"/>
  <testcase name="reducedNegativeFraction" classname="MixedFractionTest" time="0.001"/>
  <testcase name="reducePositiveFraction" classname="MixedFractionTest" time="0"/>
  <testcase name="toStringFraction" classname="MixedFractionTest" time="0.001"/>
  <testcase name="divZeroInteger" classname="MixedFractionTest" time="0.001"/>
  <testcase name="mulIntegerToPositive" classname="MixedFractionTest" time="0.001"/>
  <testcase name="negNegative" classname="MixedFractionTest" time="0.001"/>
  <testcase name="getImproperFromPositive" classname="MixedFractionTest" time="0.001"/>
  <testcase name="subFractionToPositive" classname="MixedFractionTest" time="0"/>
  <testcase name="reducedPositiveFractionWithPositiveWhole" classname="MixedFractionTest" time="0.001"/>
  <testcase name="mulIntegerToNegative" classname="MixedFractionTest" time="0"/>
  <testcase name="reduceNegativeFractionWithNegativeWhole" classname="MixedFractionTest" time="0.001"/>
  <testcase name="getImproperFromNegative" classname="MixedFractionTest" time="0.001"/>
  <testcase name="subFractionToNegative" classname="MixedFractionTest" time="0"/>
  <testcase name="setWhole" classname="MixedFractionTest" time="0"/>
  <testcase name="getNegativeDouble" classname="MixedFractionTest" time="0.004"/>
  <testcase name="divZeroMixedFraction" classname="MixedFractionTest" time="0.001"/>
  <testcase name="reducePositiveFractionWithPositiveWhole" classname="MixedFractionTest" time="0"/>
  <testcase name="addMixedFraction" classname="MixedFractionTest" time="0"/>
  <testcase name="getPositiveDouble" classname="MixedFractionTest" time="0.001"/>
  <testcase name="toStringWhole" classname="MixedFractionTest" time="0.001"/>
  <testcase name="subMixedFraction" classname="MixedFractionTest" time="0.001"/>
  <testcase name="reducedPositiveFractionWithNegativeWhole" classname="MixedFractionTest" time="0"/>
</testsuite>